# JRE version: Java(TM) SE Runtime Environment (13.0.2+8) (build 13.0.2+8)
# Java VM: Java HotSpot(TM) 64-Bit Server VM (13.0.2+8, mixed mode, sharing, tiered, compressed oops, g1 gc, windows-amd64)
Heap:
 garbage-first heap   total 54272K, used 38517K [0x00000000c1400000, 0x0000000100000000)
  region size 1024K, 23 young (23552K), 1 survivors (1024K)
 Metaspace       used 41917K, capacity 42740K, committed 42796K, reserved 1087488K
  class space    used 5189K, capacity 5463K, committed 5504K, reserved 1048576K
GC Heap History (20 events):
Event: 6956.957 GC heap before
{Heap before GC invocations=100 (full 0):
 garbage-first heap   total 54272K, used 31730K [0x00000000c1400000, 0x0000000100000000)
  region size 1024K, 16 young (16384K), 1 survivors (1024K)
 Metaspace       used 41120K, capacity 41927K, committed 42028K, reserved 1085440K
  class space    used 5158K, capacity 5454K, committed 5504K, reserved 1048576K
}
Event: 6957.018 GC heap after
{Heap after GC invocations=101 (full 0):
 garbage-first heap   total 54272K, used 17401K [0x00000000c1400000, 0x0000000100000000)
  region size 1024K, 1 young (1024K), 1 survivors (1024K)
 Metaspace       used 41120K, capacity 41927K, committed 42028K, reserved 1085440K
  class space    used 5158K, capacity 5454K, committed 5504K, reserved 1048576K
}
Event: 7346.743 GC heap before
{Heap before GC invocations=101 (full 0):
 garbage-first heap   total 54272K, used 33785K [0x00000000c1400000, 0x0000000100000000)
  region size 1024K, 17 young (17408K), 1 survivors (1024K)
 Metaspace       used 41120K, capacity 41927K, committed 42028K, reserved 1085440K
  class space    used 5158K, capacity 5454K, committed 5504K, reserved 1048576K
}
Event: 7346.788 GC heap after
{Heap after GC invocations=102 (full 0):
 garbage-first heap   total 54272K, used 17405K [0x00000000c1400000, 0x0000000100000000)
  region size 1024K, 1 young (1024K), 1 survivors (1024K)
 Metaspace       used 41120K, capacity 41927K, committed 42028K, reserved 1085440K
  class space    used 5158K, capacity 5454K, committed 5504K, reserved 1048576K
}
Event: 7690.392 GC heap before
{Heap before GC invocations=102 (full 0):
 garbage-first heap   total 54272K, used 35837K [0x00000000c1400000, 0x0000000100000000)
  region size 1024K, 19 young (19456K), 1 survivors (1024K)
 Metaspace       used 41120K, capacity 41927K, committed 42028K, reserved 1085440K
  class space    used 5158K, capacity 5454K, committed 5504K, reserved 1048576K
}
Event: 7690.438 GC heap after
{Heap after GC invocations=103 (full 0):
 garbage-first heap   total 54272K, used 17398K [0x00000000c1400000, 0x0000000100000000)
  region size 1024K, 1 young (1024K), 1 survivors (1024K)
 Metaspace       used 41120K, capacity 41927K, committed 42028K, reserved 1085440K
  class space    used 5158K, capacity 5454K, committed 5504K, reserved 1048576K
}
Event: 7924.678 GC heap before
{Heap before GC invocations=103 (full 0):
 garbage-first heap   total 54272K, used 29686K [0x00000000c1400000, 0x0000000100000000)
  region size 1024K, 13 young (13312K), 1 survivors (1024K)
 Metaspace       used 41304K, capacity 42079K, committed 42284K, reserved 1085440K
  class space    used 5162K, capacity 5460K, committed 5504K, reserved 1048576K
}
Event: 7924.770 GC heap after
{Heap after GC invocations=104 (full 0):
 garbage-first heap   total 54272K, used 17929K [0x00000000c1400000, 0x0000000100000000)
  region size 1024K, 1 young (1024K), 1 survivors (1024K)
 Metaspace       used 41304K, capacity 42079K, committed 42284K, reserved 1085440K
  class space    used 5162K, capacity 5460K, committed 5504K, reserved 1048576K
}
Event: 8083.279 GC heap before
{Heap before GC invocations=104 (full 0):
 garbage-first heap   total 54272K, used 34313K [0x00000000c1400000, 0x0000000100000000)
  region size 1024K, 18 young (18432K), 1 survivors (1024K)
 Metaspace       used 41862K, capacity 42673K, committed 42796K, reserved 1087488K
  class space    used 5189K, capacity 5463K, committed 5504K, reserved 1048576K
}
Event: 8083.282 GC heap after
{Heap after GC invocations=105 (full 0):
 garbage-first heap   total 54272K, used 18462K [0x00000000c1400000, 0x0000000100000000)
  region size 1024K, 2 young (2048K), 2 survivors (2048K)
 Metaspace       used 41862K, capacity 42673K, committed 42796K, reserved 1087488K
  class space    used 5189K, capacity 5463K, committed 5504K, reserved 1048576K
}
Event: 8261.554 GC heap before
{Heap before GC invocations=105 (full 0):
 garbage-first heap   total 54272K, used 36894K [0x00000000c1400000, 0x0000000100000000)
  region size 1024K, 21 young (21504K), 2 survivors (2048K)
 Metaspace       used 41876K, capacity 42674K, committed 42796K, reserved 1087488K
  class space    used 5189K, capacity 5463K, committed 5504K, reserved 1048576K
}
Event: 8261.558 GC heap after
{Heap after GC invocations=106 (full 0):
 garbage-first heap   total 54272K, used 18652K [0x00000000c1400000, 0x0000000100000000)
  region size 1024K, 2 young (2048K), 2 survivors (2048K)
 Metaspace       used 41876K, capacity 42674K, committed 42796K, reserved 1087488K
  class space    used 5189K, capacity 5463K, committed 5504K, reserved 1048576K
}
Event: 8369.528 GC heap before
{Heap before GC invocations=106 (full 0):
 garbage-first heap   total 54272K, used 38108K [0x00000000c1400000, 0x0000000100000000)
  region size 1024K, 22 young (22528K), 2 survivors (2048K)
 Metaspace       used 41885K, capacity 42674K, committed 42796K, reserved 1087488K
  class space    used 5189K, capacity 5463K, committed 5504K, reserved 1048576K
}
Event: 8369.531 GC heap after
{Heap after GC invocations=107 (full 0):
 garbage-first heap   total 54272K, used 18757K [0x00000000c1400000, 0x0000000100000000)
  region size 1024K, 2 young (2048K), 2 survivors (2048K)
 Metaspace       used 41885K, capacity 42674K, committed 42796K, reserved 1087488K
  class space    used 5189K, capacity 5463K, committed 5504K, reserved 1048576K
}
Event: 8469.707 GC heap before
{Heap before GC invocations=107 (full 0):
 garbage-first heap   total 54272K, used 40261K [0x00000000c1400000, 0x0000000100000000)
  region size 1024K, 23 young (23552K), 2 survivors (2048K)
 Metaspace       used 41886K, capacity 42674K, committed 42796K, reserved 1087488K
  class space    used 5189K, capacity 5463K, committed 5504K, reserved 1048576K
}
Event: 8469.754 GC heap after
{Heap after GC invocations=108 (full 0):
 garbage-first heap   total 54272K, used 18106K [0x00000000c1400000, 0x0000000100000000)
  region size 1024K, 1 young (1024K), 1 survivors (1024K)
 Metaspace       used 41886K, capacity 42674K, committed 42796K, reserved 1087488K
  class space    used 5189K, capacity 5463K, committed 5504K, reserved 1048576K
}
Event: 8565.846 GC heap before
{Heap before GC invocations=108 (full 0):
 garbage-first heap   total 54272K, used 41658K [0x00000000c1400000, 0x0000000100000000)
  region size 1024K, 24 young (24576K), 1 survivors (1024K)
 Metaspace       used 41897K, capacity 42738K, committed 42796K, reserved 1087488K
  class space    used 5189K, capacity 5463K, committed 5504K, reserved 1048576K
}
Event: 8565.849 GC heap after
{Heap after GC invocations=109 (full 0):
 garbage-first heap   total 54272K, used 18139K [0x00000000c1400000, 0x0000000100000000)
  region size 1024K, 1 young (1024K), 1 survivors (1024K)
 Metaspace       used 41897K, capacity 42738K, committed 42796K, reserved 1087488K
  class space    used 5189K, capacity 5463K, committed 5504K, reserved 1048576K
}
Event: 8656.992 GC heap before
{Heap before GC invocations=109 (full 0):
 garbage-first heap   total 54272K, used 41691K [0x00000000c1400000, 0x0000000100000000)
  region size 1024K, 24 young (24576K), 1 survivors (1024K)
 Metaspace       used 41902K, capacity 42738K, committed 42796K, reserved 1087488K
  class space    used 5189K, capacity 5463K, committed 5504K, reserved 1048576K
}
Event: 8656.995 GC heap after
{Heap after GC invocations=110 (full 0):
 garbage-first heap   total 54272K, used 18037K [0x00000000c1400000, 0x0000000100000000)
  region size 1024K, 1 young (1024K), 1 survivors (1024K)
 Metaspace       used 41902K, capacity 42738K, committed 42796K, reserved 1087488K
  class space    used 5189K, capacity 5463K, committed 5504K, reserved 1048576K
}

